Build started 05/01/2012 9:53:26 PM.
     1>Project "C:\Users\zach\SRB2RidersSource\libs\zlib\projects\visualc10\zlib.vcxproj" on node 2 (build target(s)).
     1>InitializeBuildStatus:
         Creating "C:\Users\zach\SRB2RidersSource\libs\zlib\projects\visualc10\Win32\Debug\zlib.unsuccessfulbuild" because "AlwaysCreate" was specified.
       _MASM:
         Assembling [Inputs]...
         cmd.exe /C "C:\Users\zach\AppData\Local\Temp\35f45580b9ae4a12a495af7a590194cf.cmd"
         ml.exe /c /nologo /Zi /Fo"C:\Users\zach\SRB2RidersSource\libs\zlib\projects\visualc10\Win32\Debug\inffas32.obj" /W3 /errorReport:prompt  /Ta..\..\contrib\masmx86\inffas32.asm
       _MASM:
         Assembling [Inputs]...
         cmd.exe /C "C:\Users\zach\AppData\Local\Temp\6af0f35131a74b199f0529ca18626c39.cmd"
         ml.exe /c /nologo /Zi /Fo"C:\Users\zach\SRB2RidersSource\libs\zlib\projects\visualc10\Win32\Debug\match686.obj" /W3 /errorReport:prompt  /Ta..\..\contrib\masmx86\match686.asm
       _MASM:
         Assembling [Inputs]...
       _MASM:
         Assembling [Inputs]...
       ClCompile:
         C:\Program Files\Microsoft Visual Studio 10.0\VC\bin\CL.exe /c /ZI /nologo /W3 /WX- /Od /Oy- /D WIN32 /D _DEBUG /D ASMV /D ASMINF /D _CRT_SECURE_NO_WARNINGS /D _CRT_NONSTDC_NO_WARNINGS /D _VC80_UPGRADE=0x0600 /Gm /EHsc /RTC1 /MTd /GS /fp:precise /Zc:wchar_t /Zc:forScope /Fo"C:\Users\zach\SRB2RidersSource\libs\zlib\projects\visualc10\Win32\Debug\\" /Fd"C:\Users\zach\SRB2RidersSource\libs\zlib\projects\visualc10\Win32\Debug\vc100.pdb" /Gd /TC /analyze- /errorReport:prompt ..\..\adler32.c ..\..\compress.c ..\..\crc32.c ..\..\deflate.c ..\..\gzclose.c ..\..\gzlib.c ..\..\gzread.c ..\..\gzwrite.c ..\..\infback.c ..\..\inffast.c ..\..\inflate.c ..\..\inftrees.c ..\..\trees.c ..\..\uncompr.c ..\..\zutil.c
         zutil.c
         uncompr.c
         trees.c
         inftrees.c
         inflate.c
         inffast.c
         infback.c
         gzwrite.c
         gzread.c
         gzlib.c
         gzclose.c
         deflate.c
         crc32.c
         compress.c
         adler32.c
         Generating Code...
       ResourceCompile:
         C:\Program Files\Microsoft SDKs\Windows\v7.0A\bin\rc.exe /D _DEBUG /D _VC80_UPGRADE=0x0600 /l"0x0409" /I\Oogaland\Projects\orospakr.ca\srb2\tools\zlib\win32 /nologo /fo"C:\Users\zach\SRB2RidersSource\libs\zlib\projects\visualc10\Win32\Debug\zlib1.res" ..\..\win32\zlib1.rc 
       Lib:
         C:\Program Files\Microsoft Visual Studio 10.0\VC\bin\Lib.exe /OUT:"C:\Users\zach\SRB2RidersSource\libs\zlib\projects\visualc10\Win32\Debug\zlib.lib" /NOLOGO /MACHINE:X86 C:\Users\zach\SRB2RidersSource\libs\zlib\projects\visualc10\Win32\Debug\zlib1.res
         C:\Users\zach\SRB2RidersSource\libs\zlib\projects\visualc10\Win32\Debug\adler32.obj
         C:\Users\zach\SRB2RidersSource\libs\zlib\projects\visualc10\Win32\Debug\compress.obj
         C:\Users\zach\SRB2RidersSource\libs\zlib\projects\visualc10\Win32\Debug\crc32.obj
         C:\Users\zach\SRB2RidersSource\libs\zlib\projects\visualc10\Win32\Debug\deflate.obj
         C:\Users\zach\SRB2RidersSource\libs\zlib\projects\visualc10\Win32\Debug\gzclose.obj
         C:\Users\zach\SRB2RidersSource\libs\zlib\projects\visualc10\Win32\Debug\gzlib.obj
         C:\Users\zach\SRB2RidersSource\libs\zlib\projects\visualc10\Win32\Debug\gzread.obj
         C:\Users\zach\SRB2RidersSource\libs\zlib\projects\visualc10\Win32\Debug\gzwrite.obj
         C:\Users\zach\SRB2RidersSource\libs\zlib\projects\visualc10\Win32\Debug\infback.obj
         C:\Users\zach\SRB2RidersSource\libs\zlib\projects\visualc10\Win32\Debug\inffast.obj
         C:\Users\zach\SRB2RidersSource\libs\zlib\projects\visualc10\Win32\Debug\inflate.obj
         C:\Users\zach\SRB2RidersSource\libs\zlib\projects\visualc10\Win32\Debug\inftrees.obj
         C:\Users\zach\SRB2RidersSource\libs\zlib\projects\visualc10\Win32\Debug\trees.obj
         C:\Users\zach\SRB2RidersSource\libs\zlib\projects\visualc10\Win32\Debug\uncompr.obj
         C:\Users\zach\SRB2RidersSource\libs\zlib\projects\visualc10\Win32\Debug\zutil.obj
         C:\Users\zach\SRB2RidersSource\libs\zlib\projects\visualc10\Win32\Debug\inffas32.obj
         C:\Users\zach\SRB2RidersSource\libs\zlib\projects\visualc10\Win32\Debug\match686.obj
         zlib.vcxproj -> C:\Users\zach\SRB2RidersSource\libs\zlib\projects\visualc10\Win32\Debug\zlib.lib
       FinalizeBuildStatus:
         Deleting file "C:\Users\zach\SRB2RidersSource\libs\zlib\projects\visualc10\Win32\Debug\zlib.unsuccessfulbuild".
         Touching "C:\Users\zach\SRB2RidersSource\libs\zlib\projects\visualc10\Win32\Debug\zlib.lastbuildstate".
     1>Done Building Project "C:\Users\zach\SRB2RidersSource\libs\zlib\projects\visualc10\zlib.vcxproj" (build target(s)).

Build succeeded.

Time Elapsed 00:00:11.61
