Build started 05/01/2012 9:53:38 PM.
     1>Project "C:\Users\zach\SRB2RidersSource\libs\libpng-src\projects\visualc10\libpng.vcxproj" on node 3 (build target(s)).
     1>InitializeBuildStatus:
         Creating "C:\Users\zach\SRB2RidersSource\libs\libpng-src\projects\visualc10\Win32\Debug\libpng.unsuccessfulbuild" because "AlwaysCreate" was specified.
       ClCompile:
         C:\Program Files\Microsoft Visual Studio 10.0\VC\bin\CL.exe /c /I..\.. /I..\..\..\zlib /ZI /nologo /W3 /WX- /Od /Oy- /D WIN32 /D _DEBUG /D DEBUG /D PNG_DEBUG=1 /D PNG_USE_PNGVCRD /D PNG_LIBPNG_SPECIALBUILD /D _CRT_SECURE_NO_WARNINGS /D _VC80_UPGRADE=0x0600 /Gm /EHsc /RTC1 /MTd /GS /fp:precise /Zc:wchar_t /Zc:forScope /Fo"C:\Users\zach\SRB2RidersSource\libs\libpng-src\projects\visualc10\Win32\Debug\\" /Fd"C:\Users\zach\SRB2RidersSource\libs\libpng-src\projects\visualc10\Win32\Debug\vc100.pdb" /Gd /TC /analyze- /errorReport:prompt ..\..\png.c ..\..\pngerror.c ..\..\pngget.c ..\..\pngmem.c ..\..\pngpread.c ..\..\pngread.c ..\..\pngrio.c ..\..\pngrtran.c ..\..\pngrutil.c ..\..\pngset.c ..\..\pngtrans.c ..\..\pngwio.c ..\..\pngwrite.c ..\..\pngwtran.c ..\..\pngwutil.c
         pngwutil.c
         pngwtran.c
         pngwrite.c
         pngwio.c
         pngtrans.c
         pngset.c
         pngrutil.c
         pngrtran.c
         pngrio.c
         pngread.c
         pngpread.c
         pngmem.c
         pngget.c
         pngerror.c
         png.c
         Generating Code...
       Lib:
         C:\Program Files\Microsoft Visual Studio 10.0\VC\bin\Lib.exe /OUT:"C:\Users\zach\SRB2RidersSource\libs\libpng-src\projects\visualc10\Win32\Debug\libpng.lib" /NOLOGO /MACHINE:X86 "C:\Users\zach\SRB2RidersSource\libs\libpng-src\projects\visualc10\Win32\Debug\png.obj"
         "C:\Users\zach\SRB2RidersSource\libs\libpng-src\projects\visualc10\Win32\Debug\pngerror.obj"
         "C:\Users\zach\SRB2RidersSource\libs\libpng-src\projects\visualc10\Win32\Debug\pngget.obj"
         "C:\Users\zach\SRB2RidersSource\libs\libpng-src\projects\visualc10\Win32\Debug\pngmem.obj"
         "C:\Users\zach\SRB2RidersSource\libs\libpng-src\projects\visualc10\Win32\Debug\pngpread.obj"
         "C:\Users\zach\SRB2RidersSource\libs\libpng-src\projects\visualc10\Win32\Debug\pngread.obj"
         "C:\Users\zach\SRB2RidersSource\libs\libpng-src\projects\visualc10\Win32\Debug\pngrio.obj"
         "C:\Users\zach\SRB2RidersSource\libs\libpng-src\projects\visualc10\Win32\Debug\pngrtran.obj"
         "C:\Users\zach\SRB2RidersSource\libs\libpng-src\projects\visualc10\Win32\Debug\pngrutil.obj"
         "C:\Users\zach\SRB2RidersSource\libs\libpng-src\projects\visualc10\Win32\Debug\pngset.obj"
         "C:\Users\zach\SRB2RidersSource\libs\libpng-src\projects\visualc10\Win32\Debug\pngtrans.obj"
         "C:\Users\zach\SRB2RidersSource\libs\libpng-src\projects\visualc10\Win32\Debug\pngwio.obj"
         "C:\Users\zach\SRB2RidersSource\libs\libpng-src\projects\visualc10\Win32\Debug\pngwrite.obj"
         "C:\Users\zach\SRB2RidersSource\libs\libpng-src\projects\visualc10\Win32\Debug\pngwtran.obj"
         "C:\Users\zach\SRB2RidersSource\libs\libpng-src\projects\visualc10\Win32\Debug\pngwutil.obj"
         libpng.vcxproj -> C:\Users\zach\SRB2RidersSource\libs\libpng-src\projects\visualc10\Win32\Debug\libpng.lib
       FinalizeBuildStatus:
         Deleting file "C:\Users\zach\SRB2RidersSource\libs\libpng-src\projects\visualc10\Win32\Debug\libpng.unsuccessfulbuild".
         Touching "C:\Users\zach\SRB2RidersSource\libs\libpng-src\projects\visualc10\Win32\Debug\libpng.lastbuildstate".
     1>Done Building Project "C:\Users\zach\SRB2RidersSource\libs\libpng-src\projects\visualc10\libpng.vcxproj" (build target(s)).

Build succeeded.

Time Elapsed 00:00:05.08
