Build started 05/01/2012 8:59:36 PM.
     1>Project "C:\Users\zach\SRB2RidersSource\libs\libpng-src\projects\visualc10\libpng.vcxproj" on node 3 (build target(s)).
     1>InitializeBuildStatus:
         Creating "C:\Users\zach\SRB2RidersSource\libs\libpng-src\projects\visualc10\Win32\Release\libpng.unsuccessfulbuild" because "AlwaysCreate" was specified.
       ClCompile:
         C:\Program Files\Microsoft Visual Studio 10.0\VC\bin\CL.exe /c /I..\.. /I..\..\..\zlib /Zi /nologo /W3 /WX- /MP /O2 /Ob1 /Oy- /D WIN32 /D NDEBUG /D PNG_USE_PNGVCRD /D PNG_LIBPNG_SPECIALBUILD /D _CRT_SECURE_NO_WARNINGS /D _VC80_UPGRADE=0x0600 /GF /Gm- /EHsc /MT /GS /Gy /fp:precise /Zc:wchar_t /Zc:forScope /Fo"C:\Users\zach\SRB2RidersSource\libs\libpng-src\projects\visualc10\Win32\Release\\" /Fd"C:\Users\zach\SRB2RidersSource\libs\libpng-src\projects\visualc10\Win32\Release\vc100.pdb" /Gd /TC /analyze- /errorReport:prompt ..\..\png.c ..\..\pngerror.c ..\..\pngget.c ..\..\pngmem.c ..\..\pngpread.c ..\..\pngread.c ..\..\pngrio.c ..\..\pngrtran.c ..\..\pngrutil.c ..\..\pngset.c ..\..\pngtrans.c ..\..\pngwio.c ..\..\pngwrite.c ..\..\pngwtran.c ..\..\pngwutil.c
         png.c
         pngerror.c
         pngget.c
         pngmem.c
         pngpread.c
         pngread.c
         pngrio.c
         pngrtran.c
         pngrutil.c
         pngset.c
         pngtrans.c
         pngwio.c
         pngwrite.c
         pngwtran.c
         pngwutil.c
       Lib:
         C:\Program Files\Microsoft Visual Studio 10.0\VC\bin\Lib.exe /OUT:"C:\Users\zach\SRB2RidersSource\libs\libpng-src\projects\visualc10\Win32\Release\libpng.lib" /NOLOGO /MACHINE:X86 "C:\Users\zach\SRB2RidersSource\libs\libpng-src\projects\visualc10\Win32\Release\png.obj"
         "C:\Users\zach\SRB2RidersSource\libs\libpng-src\projects\visualc10\Win32\Release\pngerror.obj"
         "C:\Users\zach\SRB2RidersSource\libs\libpng-src\projects\visualc10\Win32\Release\pngget.obj"
         "C:\Users\zach\SRB2RidersSource\libs\libpng-src\projects\visualc10\Win32\Release\pngmem.obj"
         "C:\Users\zach\SRB2RidersSource\libs\libpng-src\projects\visualc10\Win32\Release\pngpread.obj"
         "C:\Users\zach\SRB2RidersSource\libs\libpng-src\projects\visualc10\Win32\Release\pngread.obj"
         "C:\Users\zach\SRB2RidersSource\libs\libpng-src\projects\visualc10\Win32\Release\pngrio.obj"
         "C:\Users\zach\SRB2RidersSource\libs\libpng-src\projects\visualc10\Win32\Release\pngrtran.obj"
         "C:\Users\zach\SRB2RidersSource\libs\libpng-src\projects\visualc10\Win32\Release\pngrutil.obj"
         "C:\Users\zach\SRB2RidersSource\libs\libpng-src\projects\visualc10\Win32\Release\pngset.obj"
         "C:\Users\zach\SRB2RidersSource\libs\libpng-src\projects\visualc10\Win32\Release\pngtrans.obj"
         "C:\Users\zach\SRB2RidersSource\libs\libpng-src\projects\visualc10\Win32\Release\pngwio.obj"
         "C:\Users\zach\SRB2RidersSource\libs\libpng-src\projects\visualc10\Win32\Release\pngwrite.obj"
         "C:\Users\zach\SRB2RidersSource\libs\libpng-src\projects\visualc10\Win32\Release\pngwtran.obj"
         "C:\Users\zach\SRB2RidersSource\libs\libpng-src\projects\visualc10\Win32\Release\pngwutil.obj"
         libpng.vcxproj -> C:\Users\zach\SRB2RidersSource\libs\libpng-src\projects\visualc10\Win32\Release\libpng.lib
       FinalizeBuildStatus:
         Deleting file "C:\Users\zach\SRB2RidersSource\libs\libpng-src\projects\visualc10\Win32\Release\libpng.unsuccessfulbuild".
         Touching "C:\Users\zach\SRB2RidersSource\libs\libpng-src\projects\visualc10\Win32\Release\libpng.lastbuildstate".
     1>Done Building Project "C:\Users\zach\SRB2RidersSource\libs\libpng-src\projects\visualc10\libpng.vcxproj" (build target(s)).

Build succeeded.

Time Elapsed 00:00:06.14
